生成启动时间为 4/4/2018 2:30:41 PM。
     1>项目“D:\Vs2013 program\20180402\ProjectItem\ProjectItem\ProjectItem.vcxproj”在节点 2 上(Build 个目标)。
     1>Link:
         C:\Program Files (x86)\Microsoft Visual Studio 12.0\VC\bin\link.exe /ERRORREPORT:PROMPT /OUT:"D:\Vs2013 program\20180402\ProjectItem\Debug\ProjectItem.exe" /INCREMENTAL /NOLOGO /MANIFEST /MANIFESTUAC:"level='asInvoker' uiAccess='false'" /manifest:embed /manifestinput:"C:\Program Files (x86)\Microsoft Visual Studio 12.0\VC\Include\Manifest\dpiaware.manifest" /DEBUG /PDB:"D:\Vs2013 program\20180402\ProjectItem\Debug\ProjectItem.pdb" /SUBSYSTEM:WINDOWS /TLBID:1 /ENTRY:"wWinMainCRTStartup" /DYNAMICBASE /NXCOMPAT /IMPLIB:"D:\Vs2013 program\20180402\ProjectItem\Debug\ProjectItem.lib" /MACHINE:X86 Debug\ProjectItem.res
         Debug\AddDlg.obj
         Debug\Delete.obj
         Debug\DisplayView.obj
         Debug\Information.obj
         Debug\LoginDlg.obj
         Debug\MainFrm.obj
         Debug\ProjectItem.obj
         Debug\ProjectItemDoc.obj
         Debug\ProjectItemView.obj
         Debug\SaleView.obj
         Debug\SeelDLg.obj
         Debug\ShowGoods.obj
         Debug\stdafx.obj
         Debug\UserDld.obj
         ProjectItem.vcxproj -> D:\Vs2013 program\20180402\ProjectItem\Debug\ProjectItem.exe
     1>已完成生成项目“D:\Vs2013 program\20180402\ProjectItem\ProjectItem\ProjectItem.vcxproj”(Build 个目标)的操作。

生成成功。

已用时间 00:00:00.62
